2021/11/01 09:33:00 [notice] 1#1: using the "epoll" event method
2021/11/01 09:33:00 [notice] 1#1: nginx/1.21.3
2021/11/01 09:33:00 [notice] 1#1: built by gcc 8.3.0 (Debian 8.3.0-6) 
2021/11/01 09:33:00 [notice] 1#1: OS: Linux 5.8.0-63-generic
2021/11/01 09:33:00 [notice] 1#1: getrlimit(RLIMIT_NOFILE): 1048576:1048576
2021/11/01 09:33:00 [notice] 1#1: start worker processes
2021/11/01 09:33:00 [notice] 1#1: start worker process 22
2021/11/01 09:33:00 [notice] 1#1: start worker process 23
2021/11/01 09:33:00 [notice] 1#1: start worker process 24
2021/11/01 09:33:00 [notice] 1#1: start worker process 25
2021/11/01 09:33:00 [notice] 1#1: start worker process 26
2021/11/01 09:33:00 [notice] 1#1: start worker process 27
2021/11/01 09:33:00 [notice] 1#1: start worker process 28
2021/11/01 09:33:00 [notice] 1#1: start worker process 29
2021/11/01 09:54:03 [notice] 1#1: signal 3 (SIGQUIT) received, shutting down
2021/11/01 09:54:03 [notice] 22#22: gracefully shutting down
2021/11/01 09:54:03 [notice] 23#23: gracefully shutting down
2021/11/01 09:54:03 [notice] 25#25: gracefully shutting down
2021/11/01 09:54:03 [notice] 24#24: gracefully shutting down
2021/11/01 09:54:03 [notice] 22#22: exiting
2021/11/01 09:54:03 [notice] 26#26: gracefully shutting down
2021/11/01 09:54:03 [notice] 23#23: exiting
2021/11/01 09:54:03 [notice] 25#25: exiting
2021/11/01 09:54:03 [notice] 24#24: exiting
2021/11/01 09:54:03 [notice] 26#26: exiting
2021/11/01 09:54:03 [notice] 22#22: exit
2021/11/01 09:54:03 [notice] 23#23: exit
2021/11/01 09:54:03 [notice] 25#25: exit
2021/11/01 09:54:03 [notice] 26#26: exit
2021/11/01 09:54:03 [notice] 24#24: exit
2021/11/01 09:54:03 [notice] 29#29: gracefully shutting down
2021/11/01 09:54:03 [notice] 29#29: exiting
2021/11/01 09:54:03 [notice] 29#29: exit
2021/11/01 09:54:03 [notice] 27#27: gracefully shutting down
2021/11/01 09:54:03 [notice] 27#27: exiting
2021/11/01 09:54:03 [notice] 27#27: exit
2021/11/01 09:54:03 [notice] 28#28: gracefully shutting down
2021/11/01 09:54:03 [notice] 28#28: exiting
2021/11/01 09:54:03 [notice] 28#28: exit
2021/11/01 09:54:03 [notice] 1#1: signal 17 (SIGCHLD) received from 24
2021/11/01 09:54:03 [notice] 1#1: worker process 24 exited with code 0
2021/11/01 09:54:03 [notice] 1#1: worker process 25 exited with code 0
2021/11/01 09:54:03 [notice] 1#1: signal 29 (SIGIO) received
2021/11/01 09:54:03 [notice] 1#1: signal 17 (SIGCHLD) received from 25
2021/11/01 09:54:03 [notice] 1#1: worker process 23 exited with code 0
2021/11/01 09:54:03 [notice] 1#1: signal 29 (SIGIO) received
2021/11/01 09:54:03 [notice] 1#1: signal 17 (SIGCHLD) received from 26
2021/11/01 09:54:03 [notice] 1#1: worker process 26 exited with code 0
2021/11/01 09:54:03 [notice] 1#1: signal 29 (SIGIO) received
2021/11/01 09:54:03 [notice] 1#1: signal 17 (SIGCHLD) received from 27
2021/11/01 09:54:03 [notice] 1#1: worker process 22 exited with code 0
2021/11/01 09:54:03 [notice] 1#1: worker process 27 exited with code 0
2021/11/01 09:54:03 [notice] 1#1: signal 29 (SIGIO) received
2021/11/01 09:54:03 [notice] 1#1: signal 17 (SIGCHLD) received from 22
2021/11/01 09:54:03 [notice] 1#1: signal 17 (SIGCHLD) received from 28
2021/11/01 09:54:03 [notice] 1#1: worker process 28 exited with code 0
2021/11/01 09:54:03 [notice] 1#1: worker process 29 exited with code 0
2021/11/01 09:54:03 [notice] 1#1: exit
2021/11/01 09:54:08 [notice] 1#1: using the "epoll" event method
2021/11/01 09:54:08 [notice] 1#1: nginx/1.21.3
2021/11/01 09:54:08 [notice] 1#1: built by gcc 8.3.0 (Debian 8.3.0-6) 
2021/11/01 09:54:08 [notice] 1#1: OS: Linux 5.8.0-63-generic
2021/11/01 09:54:08 [notice] 1#1: getrlimit(RLIMIT_NOFILE): 1048576:1048576
2021/11/01 09:54:08 [notice] 1#1: start worker processes
2021/11/01 09:54:08 [notice] 1#1: start worker process 23
2021/11/01 09:54:08 [notice] 1#1: start worker process 24
2021/11/01 09:54:08 [notice] 1#1: start worker process 25
2021/11/01 09:54:08 [notice] 1#1: start worker process 26
2021/11/01 09:54:08 [notice] 1#1: start worker process 27
2021/11/01 09:54:08 [notice] 1#1: start worker process 28
2021/11/01 09:54:08 [notice] 1#1: start worker process 29
2021/11/01 09:54:08 [notice] 1#1: start worker process 30
2021/11/01 10:02:11 [notice] 1#1: using the "epoll" event method
2021/11/01 10:02:11 [notice] 1#1: nginx/1.21.3
2021/11/01 10:02:11 [notice] 1#1: built by gcc 8.3.0 (Debian 8.3.0-6) 
2021/11/01 10:02:11 [notice] 1#1: OS: Linux 5.8.0-63-generic
2021/11/01 10:02:11 [notice] 1#1: getrlimit(RLIMIT_NOFILE): 1048576:1048576
2021/11/01 10:02:11 [notice] 1#1: start worker processes
2021/11/01 10:02:11 [notice] 1#1: start worker process 24
2021/11/01 10:02:11 [notice] 1#1: start worker process 25
2021/11/01 10:02:11 [notice] 1#1: start worker process 26
2021/11/01 10:02:11 [notice] 1#1: start worker process 27
2021/11/01 10:02:11 [notice] 1#1: start worker process 28
2021/11/01 10:02:11 [notice] 1#1: start worker process 29
2021/11/01 10:02:11 [notice] 1#1: start worker process 30
2021/11/01 10:02:11 [notice] 1#1: start worker process 31
2021/11/01 10:23:53 [notice] 1#1: signal 3 (SIGQUIT) received, shutting down
2021/11/01 10:23:53 [notice] 25#25: gracefully shutting down
2021/11/01 10:23:53 [notice] 24#24: gracefully shutting down
2021/11/01 10:23:53 [notice] 25#25: exiting
2021/11/01 10:23:53 [notice] 24#24: exiting
2021/11/01 10:23:53 [notice] 25#25: exit
2021/11/01 10:23:53 [notice] 24#24: exit
2021/11/01 10:23:53 [notice] 26#26: gracefully shutting down
2021/11/01 10:23:53 [notice] 28#28: gracefully shutting down
2021/11/01 10:23:53 [notice] 27#27: gracefully shutting down
2021/11/01 10:23:53 [notice] 29#29: gracefully shutting down
2021/11/01 10:23:53 [notice] 30#30: gracefully shutting down
2021/11/01 10:23:53 [notice] 31#31: gracefully shutting down
2021/11/01 10:23:53 [notice] 26#26: exiting
2021/11/01 10:23:53 [notice] 28#28: exiting
2021/11/01 10:23:53 [notice] 27#27: exiting
2021/11/01 10:23:53 [notice] 29#29: exiting
2021/11/01 10:23:53 [notice] 30#30: exiting
2021/11/01 10:23:53 [notice] 31#31: exiting
2021/11/01 10:23:53 [notice] 27#27: exit
2021/11/01 10:23:53 [notice] 30#30: exit
2021/11/01 10:23:53 [notice] 26#26: exit
2021/11/01 10:23:53 [notice] 31#31: exit
2021/11/01 10:23:53 [notice] 29#29: exit
2021/11/01 10:23:53 [notice] 28#28: exit
2021/11/01 10:23:53 [notice] 1#1: signal 17 (SIGCHLD) received from 25
2021/11/01 10:23:53 [notice] 1#1: worker process 25 exited with code 0
2021/11/01 10:23:53 [notice] 1#1: worker process 29 exited with code 0
2021/11/01 10:23:53 [notice] 1#1: worker process 31 exited with code 0
2021/11/01 10:23:53 [notice] 1#1: signal 29 (SIGIO) received
2021/11/01 10:23:53 [notice] 1#1: signal 17 (SIGCHLD) received from 31
2021/11/01 10:23:53 [notice] 1#1: signal 17 (SIGCHLD) received from 30
2021/11/01 10:23:53 [notice] 1#1: worker process 30 exited with code 0
2021/11/01 10:23:53 [notice] 1#1: signal 29 (SIGIO) received
2021/11/01 10:23:53 [notice] 1#1: signal 17 (SIGCHLD) received from 24
2021/11/01 10:23:53 [notice] 1#1: worker process 24 exited with code 0
2021/11/01 10:23:53 [notice] 1#1: worker process 26 exited with code 0
2021/11/01 10:23:53 [notice] 1#1: worker process 27 exited with code 0
2021/11/01 10:23:53 [notice] 1#1: worker process 28 exited with code 0
2021/11/01 10:23:53 [notice] 1#1: exit
2021/11/01 10:25:45 [notice] 1#1: using the "epoll" event method
2021/11/01 10:25:45 [notice] 1#1: nginx/1.21.3
2021/11/01 10:25:45 [notice] 1#1: built by gcc 8.3.0 (Debian 8.3.0-6) 
2021/11/01 10:25:45 [notice] 1#1: OS: Linux 5.8.0-63-generic
2021/11/01 10:25:45 [notice] 1#1: getrlimit(RLIMIT_NOFILE): 1048576:1048576
2021/11/01 10:25:45 [notice] 1#1: start worker processes
2021/11/01 10:25:45 [notice] 1#1: start worker process 22
2021/11/01 10:25:45 [notice] 1#1: start worker process 23
2021/11/01 10:25:45 [notice] 1#1: start worker process 24
2021/11/01 10:25:45 [notice] 1#1: start worker process 25
2021/11/01 10:25:45 [notice] 1#1: start worker process 26
2021/11/01 10:25:45 [notice] 1#1: start worker process 27
2021/11/01 10:25:45 [notice] 1#1: start worker process 28
2021/11/01 10:25:45 [notice] 1#1: start worker process 29
2021/11/01 10:32:16 [notice] 1#1: signal 3 (SIGQUIT) received, shutting down
2021/11/01 10:32:16 [notice] 22#22: gracefully shutting down
2021/11/01 10:32:16 [notice] 24#24: gracefully shutting down
2021/11/01 10:32:16 [notice] 23#23: gracefully shutting down
2021/11/01 10:32:16 [notice] 22#22: exiting
2021/11/01 10:32:16 [notice] 24#24: exiting
2021/11/01 10:32:16 [notice] 28#28: gracefully shutting down
2021/11/01 10:32:16 [notice] 23#23: exiting
2021/11/01 10:32:16 [notice] 28#28: exiting
2021/11/01 10:32:16 [notice] 27#27: gracefully shutting down
2021/11/01 10:32:16 [notice] 24#24: exit
2021/11/01 10:32:16 [notice] 23#23: exit
2021/11/01 10:32:16 [notice] 27#27: exiting
2021/11/01 10:32:16 [notice] 28#28: exit
2021/11/01 10:32:16 [notice] 27#27: exit
2021/11/01 10:32:16 [notice] 22#22: exit
2021/11/01 10:32:16 [notice] 29#29: gracefully shutting down
2021/11/01 10:32:16 [notice] 26#26: gracefully shutting down
2021/11/01 10:32:16 [notice] 25#25: gracefully shutting down
2021/11/01 10:32:16 [notice] 29#29: exiting
2021/11/01 10:32:16 [notice] 26#26: exiting
2021/11/01 10:32:16 [notice] 25#25: exiting
2021/11/01 10:32:16 [notice] 29#29: exit
2021/11/01 10:32:16 [notice] 26#26: exit
2021/11/01 10:32:16 [notice] 25#25: exit
2021/11/01 10:32:17 [notice] 1#1: signal 17 (SIGCHLD) received from 26
2021/11/01 10:32:17 [notice] 1#1: worker process 22 exited with code 0
2021/11/01 10:32:17 [notice] 1#1: worker process 26 exited with code 0
2021/11/01 10:32:17 [notice] 1#1: worker process 27 exited with code 0
2021/11/01 10:32:17 [notice] 1#1: worker process 28 exited with code 0
2021/11/01 10:32:17 [notice] 1#1: worker process 29 exited with code 0
2021/11/01 10:32:17 [notice] 1#1: signal 29 (SIGIO) received
2021/11/01 10:32:17 [notice] 1#1: signal 17 (SIGCHLD) received from 28
2021/11/01 10:32:17 [notice] 1#1: signal 17 (SIGCHLD) received from 24
2021/11/01 10:32:17 [notice] 1#1: worker process 24 exited with code 0
2021/11/01 10:32:17 [notice] 1#1: worker process 25 exited with code 0
2021/11/01 10:32:17 [notice] 1#1: signal 29 (SIGIO) received
2021/11/01 10:32:17 [notice] 1#1: signal 17 (SIGCHLD) received from 23
2021/11/01 10:32:17 [notice] 1#1: worker process 23 exited with code 0
2021/11/01 10:32:17 [notice] 1#1: exit
2021/11/01 10:32:19 [emerg] 1#1: unknown directive "/*location" in /etc/nginx/conf.d/1.conf:10
2021/11/01 10:32:20 [emerg] 1#1: unknown directive "/*location" in /etc/nginx/conf.d/1.conf:10
2021/11/01 10:32:22 [emerg] 1#1: unknown directive "/*location" in /etc/nginx/conf.d/1.conf:10
2021/11/01 10:32:24 [emerg] 1#1: unknown directive "/*location" in /etc/nginx/conf.d/1.conf:10
2021/11/01 10:32:25 [emerg] 1#1: unknown directive "/*location" in /etc/nginx/conf.d/1.conf:10
2021/11/01 10:32:28 [emerg] 1#1: unknown directive "/*location" in /etc/nginx/conf.d/1.conf:10
2021/11/01 10:32:32 [emerg] 1#1: unknown directive "/*location" in /etc/nginx/conf.d/1.conf:10
2021/11/01 10:32:40 [emerg] 1#1: unknown directive "/*location" in /etc/nginx/conf.d/1.conf:10
2021/11/01 10:32:53 [emerg] 1#1: unknown directive "/*location" in /etc/nginx/conf.d/1.conf:10
2021/11/01 10:33:20 [emerg] 1#1: host not found in upstream "nginx_user" in /etc/nginx/conf.d/1.conf:13
2021/11/01 10:34:12 [notice] 1#1: using the "epoll" event method
2021/11/01 10:34:12 [notice] 1#1: nginx/1.21.3
2021/11/01 10:34:12 [notice] 1#1: built by gcc 8.3.0 (Debian 8.3.0-6) 
2021/11/01 10:34:12 [notice] 1#1: OS: Linux 5.8.0-63-generic
2021/11/01 10:34:12 [notice] 1#1: getrlimit(RLIMIT_NOFILE): 1048576:1048576
2021/11/01 10:34:12 [notice] 1#1: start worker processes
2021/11/01 10:34:12 [notice] 1#1: start worker process 22
2021/11/01 10:34:12 [notice] 1#1: start worker process 23
2021/11/01 10:34:12 [notice] 1#1: start worker process 24
2021/11/01 10:34:12 [notice] 1#1: start worker process 25
2021/11/01 10:34:12 [notice] 1#1: start worker process 26
2021/11/01 10:34:12 [notice] 1#1: start worker process 27
2021/11/01 10:34:12 [notice] 1#1: start worker process 28
2021/11/01 10:34:12 [notice] 1#1: start worker process 29
2021/11/01 10:34:27 [notice] 1#1: signal 3 (SIGQUIT) received, shutting down
2021/11/01 10:34:27 [notice] 24#24: gracefully shutting down
2021/11/01 10:34:27 [notice] 23#23: gracefully shutting down
2021/11/01 10:34:27 [notice] 24#24: exiting
2021/11/01 10:34:27 [notice] 23#23: exiting
2021/11/01 10:34:27 [notice] 23#23: exit
2021/11/01 10:34:27 [notice] 24#24: exit
2021/11/01 10:34:27 [notice] 28#28: gracefully shutting down
2021/11/01 10:34:27 [notice] 28#28: exiting
2021/11/01 10:34:27 [notice] 28#28: exit
2021/11/01 10:34:27 [notice] 22#22: gracefully shutting down
2021/11/01 10:34:27 [notice] 22#22: exiting
2021/11/01 10:34:27 [notice] 22#22: exit
2021/11/01 10:34:27 [notice] 25#25: gracefully shutting down
2021/11/01 10:34:27 [notice] 25#25: exiting
2021/11/01 10:34:27 [notice] 25#25: exit
2021/11/01 10:34:27 [notice] 26#26: gracefully shutting down
2021/11/01 10:34:27 [notice] 26#26: exiting
2021/11/01 10:34:27 [notice] 26#26: exit
2021/11/01 10:34:27 [notice] 29#29: gracefully shutting down
2021/11/01 10:34:27 [notice] 29#29: exiting
2021/11/01 10:34:27 [notice] 29#29: exit
2021/11/01 10:34:27 [notice] 27#27: gracefully shutting down
2021/11/01 10:34:27 [notice] 27#27: exiting
2021/11/01 10:34:27 [notice] 27#27: exit
2021/11/01 10:34:27 [notice] 1#1: signal 17 (SIGCHLD) received from 26
2021/11/01 10:34:27 [notice] 1#1: worker process 22 exited with code 0
2021/11/01 10:34:27 [notice] 1#1: worker process 23 exited with code 0
2021/11/01 10:34:27 [notice] 1#1: worker process 25 exited with code 0
2021/11/01 10:34:27 [notice] 1#1: worker process 26 exited with code 0
2021/11/01 10:34:27 [notice] 1#1: worker process 27 exited with code 0
2021/11/01 10:34:27 [notice] 1#1: worker process 29 exited with code 0
2021/11/01 10:34:27 [notice] 1#1: signal 29 (SIGIO) received
2021/11/01 10:34:27 [notice] 1#1: signal 17 (SIGCHLD) received from 25
2021/11/01 10:34:27 [notice] 1#1: signal 17 (SIGCHLD) received from 28
2021/11/01 10:34:27 [notice] 1#1: worker process 28 exited with code 0
2021/11/01 10:34:27 [notice] 1#1: signal 29 (SIGIO) received
2021/11/01 10:34:27 [notice] 1#1: signal 17 (SIGCHLD) received from 24
2021/11/01 10:34:27 [notice] 1#1: worker process 24 exited with code 0
2021/11/01 10:34:27 [notice] 1#1: exit
2021/11/01 10:34:29 [notice] 1#1: using the "epoll" event method
2021/11/01 10:34:29 [notice] 1#1: nginx/1.21.3
2021/11/01 10:34:29 [notice] 1#1: built by gcc 8.3.0 (Debian 8.3.0-6) 
2021/11/01 10:34:29 [notice] 1#1: OS: Linux 5.8.0-63-generic
2021/11/01 10:34:29 [notice] 1#1: getrlimit(RLIMIT_NOFILE): 1048576:1048576
2021/11/01 10:34:29 [notice] 1#1: start worker processes
2021/11/01 10:34:29 [notice] 1#1: start worker process 23
2021/11/01 10:34:29 [notice] 1#1: start worker process 24
2021/11/01 10:34:29 [notice] 1#1: start worker process 25
2021/11/01 10:34:29 [notice] 1#1: start worker process 26
2021/11/01 10:34:29 [notice] 1#1: start worker process 27
2021/11/01 10:34:29 [notice] 1#1: start worker process 28
2021/11/01 10:34:29 [notice] 1#1: start worker process 29
2021/11/01 10:34:29 [notice] 1#1: start worker process 30
2021/11/01 10:34:33 [error] 23#23: *1 "/var/www/placeholder/index.html" is not found (2: No such file or directory), client: 172.22.0.1, server: xshket.lab, request: "GET / HTTP/1.1", host: "localhost:8003"
2021/11/01 10:34:33 [error] 23#23: *1 open() "/etc/nginx/html/favicon.ico" failed (2: No such file or directory), client: 172.22.0.1, server: xshket.lab, request: "GET /favicon.ico HTTP/1.1", host: "localhost:8003", referrer: "http://localhost:8003/"
2021/11/01 10:34:59 [error] 23#23: *1 "/var/www/placeholder/index.html" is not found (2: No such file or directory), client: 172.22.0.1, server: xshket.lab, request: "GET / HTTP/1.1", host: "localhost:8003"
2021/11/01 10:35:04 [error] 23#23: *1 "/var/www/placeholder/index.html" is not found (2: No such file or directory), client: 172.22.0.1, server: xshket.lab, request: "GET / HTTP/1.1", host: "localhost:8003"
2021/11/01 10:36:19 [notice] 1#1: signal 3 (SIGQUIT) received, shutting down
2021/11/01 10:36:19 [notice] 23#23: gracefully shutting down
2021/11/01 10:36:19 [notice] 23#23: exiting
2021/11/01 10:36:19 [notice] 24#24: gracefully shutting down
2021/11/01 10:36:19 [notice] 25#25: gracefully shutting down
2021/11/01 10:36:19 [notice] 26#26: gracefully shutting down
2021/11/01 10:36:19 [notice] 24#24: exiting
2021/11/01 10:36:19 [notice] 30#30: gracefully shutting down
2021/11/01 10:36:19 [notice] 25#25: exiting
2021/11/01 10:36:19 [notice] 23#23: exit
2021/11/01 10:36:19 [notice] 26#26: exiting
2021/11/01 10:36:19 [notice] 30#30: exiting
2021/11/01 10:36:19 [notice] 25#25: exit
2021/11/01 10:36:19 [notice] 24#24: exit
2021/11/01 10:36:19 [notice] 26#26: exit
2021/11/01 10:36:19 [notice] 30#30: exit
2021/11/01 10:36:19 [notice] 27#27: gracefully shutting down
2021/11/01 10:36:19 [notice] 28#28: gracefully shutting down
2021/11/01 10:36:19 [notice] 29#29: gracefully shutting down
2021/11/01 10:36:19 [notice] 27#27: exiting
2021/11/01 10:36:19 [notice] 28#28: exiting
2021/11/01 10:36:19 [notice] 29#29: exiting
2021/11/01 10:36:19 [notice] 28#28: exit
2021/11/01 10:36:19 [notice] 27#27: exit
2021/11/01 10:36:19 [notice] 29#29: exit
2021/11/01 10:36:19 [notice] 1#1: signal 17 (SIGCHLD) received from 30
2021/11/01 10:36:19 [notice] 1#1: worker process 23 exited with code 0
2021/11/01 10:36:19 [notice] 1#1: worker process 25 exited with code 0
2021/11/01 10:36:19 [notice] 1#1: worker process 29 exited with code 0
2021/11/01 10:36:19 [notice] 1#1: worker process 30 exited with code 0
2021/11/01 10:36:19 [notice] 1#1: signal 29 (SIGIO) received
2021/11/01 10:36:19 [notice] 1#1: signal 17 (SIGCHLD) received from 29
2021/11/01 10:36:19 [notice] 1#1: signal 17 (SIGCHLD) received from 28
2021/11/01 10:36:19 [notice] 1#1: worker process 26 exited with code 0
2021/11/01 10:36:19 [notice] 1#1: worker process 28 exited with code 0
2021/11/01 10:36:19 [notice] 1#1: signal 29 (SIGIO) received
2021/11/01 10:36:19 [notice] 1#1: signal 17 (SIGCHLD) received from 24
2021/11/01 10:36:19 [notice] 1#1: worker process 24 exited with code 0
2021/11/01 10:36:19 [notice] 1#1: signal 29 (SIGIO) received
2021/11/01 10:36:19 [notice] 1#1: signal 17 (SIGCHLD) received from 27
2021/11/01 10:36:19 [notice] 1#1: worker process 27 exited with code 0
2021/11/01 10:36:19 [notice] 1#1: exit
2021/11/01 10:36:21 [notice] 1#1: using the "epoll" event method
2021/11/01 10:36:21 [notice] 1#1: nginx/1.21.3
2021/11/01 10:36:21 [notice] 1#1: built by gcc 8.3.0 (Debian 8.3.0-6) 
2021/11/01 10:36:21 [notice] 1#1: OS: Linux 5.8.0-63-generic
2021/11/01 10:36:21 [notice] 1#1: getrlimit(RLIMIT_NOFILE): 1048576:1048576
2021/11/01 10:36:21 [notice] 1#1: start worker processes
2021/11/01 10:36:21 [notice] 1#1: start worker process 23
2021/11/01 10:36:21 [notice] 1#1: start worker process 24
2021/11/01 10:36:21 [notice] 1#1: start worker process 25
2021/11/01 10:36:21 [notice] 1#1: start worker process 26
2021/11/01 10:36:21 [notice] 1#1: start worker process 27
2021/11/01 10:36:21 [notice] 1#1: start worker process 28
2021/11/01 10:36:21 [notice] 1#1: start worker process 29
2021/11/01 10:36:21 [notice] 1#1: start worker process 30
2021/11/01 10:36:24 [error] 23#23: *1 "/var/www/placeholder/index.html" is not found (2: No such file or directory), client: 172.23.0.1, server: xshket.lab, request: "GET / HTTP/1.1", host: "localhost:8003"
2021/11/01 10:36:26 [error] 23#23: *1 "/var/www/placeholder/index.html" is not found (2: No such file or directory), client: 172.23.0.1, server: xshket.lab, request: "GET / HTTP/1.1", host: "localhost:8003"
2021/11/01 10:36:26 [error] 23#23: *1 open() "/etc/nginx/html/favicon.ico" failed (2: No such file or directory), client: 172.23.0.1, server: xshket.lab, request: "GET /favicon.ico HTTP/1.1", host: "localhost:8003", referrer: "http://localhost:8003/"
2021/11/01 10:36:37 [error] 23#23: *1 "/var/www/placeholder/index.html" is not found (2: No such file or directory), client: 172.23.0.1, server: xshket.lab, request: "GET / HTTP/1.1", host: "localhost:8003"
2021/11/01 10:37:44 [error] 23#23: *4 "/var/www/placeholder/index.html" is not found (2: No such file or directory), client: 172.23.0.1, server: xshket.lab, request: "GET / HTTP/1.1", host: "localhost:8003"
2021/11/01 10:38:27 [notice] 1#1: signal 3 (SIGQUIT) received, shutting down
2021/11/01 10:38:27 [notice] 23#23: gracefully shutting down
2021/11/01 10:38:27 [notice] 24#24: gracefully shutting down
2021/11/01 10:38:27 [notice] 23#23: exiting
2021/11/01 10:38:27 [notice] 25#25: gracefully shutting down
2021/11/01 10:38:27 [notice] 24#24: exiting
2021/11/01 10:38:27 [notice] 28#28: gracefully shutting down
2021/11/01 10:38:27 [notice] 25#25: exiting
2021/11/01 10:38:27 [notice] 30#30: gracefully shutting down
2021/11/01 10:38:27 [notice] 28#28: exiting
2021/11/01 10:38:27 [notice] 23#23: exit
2021/11/01 10:38:27 [notice] 30#30: exiting
2021/11/01 10:38:27 [notice] 24#24: exit
2021/11/01 10:38:27 [notice] 25#25: exit
2021/11/01 10:38:27 [notice] 28#28: exit
2021/11/01 10:38:27 [notice] 30#30: exit
2021/11/01 10:38:27 [notice] 27#27: gracefully shutting down
2021/11/01 10:38:27 [notice] 27#27: exiting
2021/11/01 10:38:27 [notice] 27#27: exit
2021/11/01 10:38:27 [notice] 29#29: gracefully shutting down
2021/11/01 10:38:27 [notice] 29#29: exiting
2021/11/01 10:38:27 [notice] 29#29: exit
2021/11/01 10:38:27 [notice] 26#26: gracefully shutting down
2021/11/01 10:38:27 [notice] 26#26: exiting
2021/11/01 10:38:27 [notice] 26#26: exit
2021/11/01 10:38:27 [notice] 1#1: signal 17 (SIGCHLD) received from 23
2021/11/01 10:38:27 [notice] 1#1: worker process 23 exited with code 0
2021/11/01 10:38:27 [notice] 1#1: worker process 24 exited with code 0
2021/11/01 10:38:27 [notice] 1#1: worker process 25 exited with code 0
2021/11/01 10:38:27 [notice] 1#1: worker process 28 exited with code 0
2021/11/01 10:38:27 [notice] 1#1: signal 29 (SIGIO) received
2021/11/01 10:38:27 [notice] 1#1: signal 17 (SIGCHLD) received from 25
2021/11/01 10:38:27 [notice] 1#1: signal 17 (SIGCHLD) received from 30
2021/11/01 10:38:27 [notice] 1#1: worker process 26 exited with code 0
2021/11/01 10:38:27 [notice] 1#1: worker process 30 exited with code 0
2021/11/01 10:38:27 [notice] 1#1: signal 29 (SIGIO) received
2021/11/01 10:38:27 [notice] 1#1: signal 17 (SIGCHLD) received from 29
2021/11/01 10:38:27 [notice] 1#1: worker process 29 exited with code 0
2021/11/01 10:38:27 [notice] 1#1: signal 17 (SIGCHLD) received from 27
2021/11/01 10:38:27 [notice] 1#1: worker process 27 exited with code 0
2021/11/01 10:38:27 [notice] 1#1: exit
2021/11/01 10:38:30 [notice] 1#1: using the "epoll" event method
2021/11/01 10:38:30 [notice] 1#1: nginx/1.21.3
2021/11/01 10:38:30 [notice] 1#1: built by gcc 8.3.0 (Debian 8.3.0-6) 
2021/11/01 10:38:30 [notice] 1#1: OS: Linux 5.8.0-63-generic
2021/11/01 10:38:30 [notice] 1#1: getrlimit(RLIMIT_NOFILE): 1048576:1048576
2021/11/01 10:38:30 [notice] 1#1: start worker processes
2021/11/01 10:38:30 [notice] 1#1: start worker process 23
2021/11/01 10:38:30 [notice] 1#1: start worker process 24
2021/11/01 10:38:30 [notice] 1#1: start worker process 25
2021/11/01 10:38:30 [notice] 1#1: start worker process 26
2021/11/01 10:38:30 [notice] 1#1: start worker process 27
2021/11/01 10:38:30 [notice] 1#1: start worker process 28
2021/11/01 10:38:30 [notice] 1#1: start worker process 29
2021/11/01 10:38:30 [notice] 1#1: start worker process 30
2021/11/01 10:38:33 [error] 23#23: *1 open() "/etc/nginx/html/index.html" failed (2: No such file or directory), client: 172.23.0.1, server: xshket.lab, request: "GET / HTTP/1.1", host: "localhost:8003"
2021/11/01 10:38:35 [error] 23#23: *1 open() "/etc/nginx/html/index.html" failed (2: No such file or directory), client: 172.23.0.1, server: xshket.lab, request: "GET / HTTP/1.1", host: "localhost:8003"
2021/11/01 10:38:35 [error] 23#23: *1 open() "/etc/nginx/html/favicon.ico" failed (2: No such file or directory), client: 172.23.0.1, server: xshket.lab, request: "GET /favicon.ico HTTP/1.1", host: "localhost:8003", referrer: "http://localhost:8003/"
2021/11/01 11:22:26 [emerg] 1#1: "events" directive is not allowed here in /etc/nginx/conf.d/nginx.conf:1
2021/11/01 11:22:30 [emerg] 1#1: "events" directive is not allowed here in /etc/nginx/conf.d/nginx.conf:1
2021/11/01 11:22:32 [emerg] 1#1: "events" directive is not allowed here in /etc/nginx/conf.d/nginx.conf:1
2021/11/01 11:22:34 [emerg] 1#1: "events" directive is not allowed here in /etc/nginx/conf.d/nginx.conf:1
2021/11/01 11:22:36 [emerg] 1#1: "events" directive is not allowed here in /etc/nginx/conf.d/nginx.conf:1
2021/11/01 11:22:41 [emerg] 1#1: "events" directive is not allowed here in /etc/nginx/conf.d/nginx.conf:1
2021/11/01 11:22:45 [emerg] 1#1: "events" directive is not allowed here in /etc/nginx/conf.d/nginx.conf:1
2021/11/01 11:22:52 [emerg] 1#1: "events" directive is not allowed here in /etc/nginx/conf.d/nginx.conf:1
2021/11/01 11:23:06 [emerg] 1#1: "events" directive is not allowed here in /etc/nginx/conf.d/nginx.conf:1
2021/11/01 11:23:32 [emerg] 1#1: "events" directive is not allowed here in /etc/nginx/conf.d/nginx.conf:1
2021/11/01 11:24:24 [emerg] 1#1: "events" directive is not allowed here in /etc/nginx/conf.d/nginx.conf:1
2021/11/01 11:25:25 [emerg] 1#1: "events" directive is not allowed here in /etc/nginx/conf.d/nginx.conf:1
2021/11/01 11:26:26 [emerg] 1#1: "events" directive is not allowed here in /etc/nginx/conf.d/nginx.conf:1
2021/11/01 11:27:27 [emerg] 1#1: "events" directive is not allowed here in /etc/nginx/conf.d/nginx.conf:1
2021/11/01 11:27:43 [emerg] 1#1: "events" directive is not allowed here in /etc/nginx/conf.d/nginx.conf:1
2021/11/01 11:27:44 [emerg] 1#1: "events" directive is not allowed here in /etc/nginx/conf.d/nginx.conf:1
2021/11/01 11:27:46 [emerg] 1#1: "events" directive is not allowed here in /etc/nginx/conf.d/nginx.conf:1
2021/11/01 11:27:48 [emerg] 1#1: "events" directive is not allowed here in /etc/nginx/conf.d/nginx.conf:1
2021/11/01 11:27:49 [emerg] 1#1: "events" directive is not allowed here in /etc/nginx/conf.d/nginx.conf:1
2021/11/01 11:27:52 [emerg] 1#1: "events" directive is not allowed here in /etc/nginx/conf.d/nginx.conf:1
2021/11/01 11:27:56 [emerg] 1#1: "events" directive is not allowed here in /etc/nginx/conf.d/nginx.conf:1
2021/11/01 11:28:03 [emerg] 1#1: "events" directive is not allowed here in /etc/nginx/conf.d/nginx.conf:1
2021/11/01 11:28:17 [emerg] 1#1: "events" directive is not allowed here in /etc/nginx/conf.d/nginx.conf:1
2021/11/01 11:28:43 [emerg] 1#1: "events" directive is not allowed here in /etc/nginx/conf.d/nginx.conf:1
2021/11/01 11:29:35 [emerg] 1#1: "events" directive is not allowed here in /etc/nginx/conf.d/nginx.conf:1
2021/11/01 11:30:36 [emerg] 1#1: "events" directive is not allowed here in /etc/nginx/conf.d/nginx.conf:1
2021/11/01 11:31:38 [emerg] 1#1: "events" directive is not allowed here in /etc/nginx/conf.d/nginx.conf:1
2021/11/01 11:32:05 [emerg] 1#1: "events" directive is not allowed here in /etc/nginx/conf.d/nginx.conf:1
2021/11/01 11:32:07 [emerg] 1#1: "events" directive is not allowed here in /etc/nginx/conf.d/nginx.conf:1
2021/11/01 11:32:08 [emerg] 1#1: "events" directive is not allowed here in /etc/nginx/conf.d/nginx.conf:1
2021/11/01 11:32:10 [emerg] 1#1: "events" directive is not allowed here in /etc/nginx/conf.d/nginx.conf:1
2021/11/01 11:32:11 [emerg] 1#1: "events" directive is not allowed here in /etc/nginx/conf.d/nginx.conf:1
2021/11/01 11:32:14 [emerg] 1#1: "events" directive is not allowed here in /etc/nginx/conf.d/nginx.conf:1
2021/11/01 11:32:18 [emerg] 1#1: "events" directive is not allowed here in /etc/nginx/conf.d/nginx.conf:1
2021/11/01 11:32:25 [emerg] 1#1: "events" directive is not allowed here in /etc/nginx/conf.d/nginx.conf:1
2021/11/01 11:32:39 [emerg] 1#1: "events" directive is not allowed here in /etc/nginx/conf.d/nginx.conf:1
2021/11/01 11:33:05 [emerg] 1#1: "events" directive is not allowed here in /etc/nginx/conf.d/nginx.conf:1
2021/11/01 11:34:05 [emerg] 1#1: "http" directive is not allowed here in /etc/nginx/conf.d/nginx.conf:1
2021/11/01 11:34:32 [emerg] 1#1: "http" directive is not allowed here in /etc/nginx/conf.d/nginx.conf:1
2021/11/01 11:34:33 [emerg] 1#1: "http" directive is not allowed here in /etc/nginx/conf.d/nginx.conf:1
2021/11/01 11:34:35 [emerg] 1#1: "http" directive is not allowed here in /etc/nginx/conf.d/nginx.conf:1
2021/11/01 11:34:37 [emerg] 1#1: "http" directive is not allowed here in /etc/nginx/conf.d/nginx.conf:1
2021/11/01 11:34:39 [emerg] 1#1: "http" directive is not allowed here in /etc/nginx/conf.d/nginx.conf:1
2021/11/01 11:34:41 [emerg] 1#1: "http" directive is not allowed here in /etc/nginx/conf.d/nginx.conf:1
2021/11/01 11:34:46 [emerg] 1#1: "http" directive is not allowed here in /etc/nginx/conf.d/nginx.conf:1
2021/11/01 11:34:53 [emerg] 1#1: "http" directive is not allowed here in /etc/nginx/conf.d/nginx.conf:1
2021/11/01 11:35:07 [emerg] 1#1: "http" directive is not allowed here in /etc/nginx/conf.d/nginx.conf:1
2021/11/01 11:35:33 [emerg] 1#1: no "events" section in configuration
2021/11/01 11:36:26 [emerg] 1#1: no "events" section in configuration
2021/11/01 11:36:30 [emerg] 1#1: no "events" section in configuration
2021/11/01 11:36:33 [emerg] 1#1: no "events" section in configuration
2021/11/01 11:36:35 [emerg] 1#1: no "events" section in configuration
2021/11/01 11:36:38 [emerg] 1#1: no "events" section in configuration
2021/11/01 11:36:40 [emerg] 1#1: no "events" section in configuration
2021/11/01 11:36:43 [emerg] 1#1: no "events" section in configuration
2021/11/01 11:36:48 [emerg] 1#1: no "events" section in configuration
2021/11/01 11:36:55 [emerg] 1#1: no "events" section in configuration
2021/11/01 11:37:09 [emerg] 1#1: no "events" section in configuration
2021/11/01 11:37:36 [emerg] 1#1: no "events" section in configuration
2021/11/01 11:38:29 [emerg] 1#1: "user" directive is not allowed here in /etc/nginx/conf.d/nginx.conf:1
2021/11/01 11:38:44 [emerg] 1#1: "user" directive is not allowed here in /etc/nginx/conf.d/nginx.conf:1
2021/11/01 11:38:45 [emerg] 1#1: "user" directive is not allowed here in /etc/nginx/conf.d/nginx.conf:1
2021/11/01 11:38:48 [emerg] 1#1: "user" directive is not allowed here in /etc/nginx/conf.d/nginx.conf:1
2021/11/01 11:38:50 [emerg] 1#1: "user" directive is not allowed here in /etc/nginx/conf.d/nginx.conf:1
2021/11/01 11:38:52 [emerg] 1#1: "user" directive is not allowed here in /etc/nginx/conf.d/nginx.conf:1
2021/11/01 11:38:55 [emerg] 1#1: "user" directive is not allowed here in /etc/nginx/conf.d/nginx.conf:1
2021/11/01 11:38:59 [emerg] 1#1: "user" directive is not allowed here in /etc/nginx/conf.d/nginx.conf:1
2021/11/01 11:39:06 [emerg] 1#1: "user" directive is not allowed here in /etc/nginx/conf.d/nginx.conf:1
2021/11/01 11:39:20 [emerg] 1#1: "user" directive is not allowed here in /etc/nginx/conf.d/nginx.conf:1
2021/11/01 11:39:48 [emerg] 1#1: "user" directive is not allowed here in /etc/nginx/conf.d/nginx.conf:1
2021/11/01 11:40:13 [emerg] 1#1: "user" directive is not allowed here in /etc/nginx/conf.d/nginx.conf:1
2021/11/01 11:40:14 [emerg] 1#1: "user" directive is not allowed here in /etc/nginx/conf.d/nginx.conf:1
2021/11/01 11:40:16 [emerg] 1#1: "user" directive is not allowed here in /etc/nginx/conf.d/nginx.conf:1
2021/11/01 11:40:18 [emerg] 1#1: "user" directive is not allowed here in /etc/nginx/conf.d/nginx.conf:1
2021/11/01 11:40:19 [emerg] 1#1: "user" directive is not allowed here in /etc/nginx/conf.d/nginx.conf:1
2021/11/01 11:40:22 [emerg] 1#1: "user" directive is not allowed here in /etc/nginx/conf.d/nginx.conf:1
2021/11/01 11:40:26 [emerg] 1#1: "user" directive is not allowed here in /etc/nginx/conf.d/nginx.conf:1
2021/11/01 11:40:33 [emerg] 1#1: "user" directive is not allowed here in /etc/nginx/conf.d/nginx.conf:1
2021/11/01 11:40:47 [emerg] 1#1: "user" directive is not allowed here in /etc/nginx/conf.d/nginx.conf:1
2021/11/01 11:41:13 [emerg] 1#1: "user" directive is not allowed here in /etc/nginx/conf.d/nginx.conf:1
2021/11/01 11:41:35 [emerg] 1#1: "user" directive is not allowed here in /etc/nginx/conf.d/nginx.conf:1
2021/11/01 11:41:36 [emerg] 1#1: "user" directive is not allowed here in /etc/nginx/conf.d/nginx.conf:1
2021/11/01 11:41:38 [emerg] 1#1: "user" directive is not allowed here in /etc/nginx/conf.d/nginx.conf:1
2021/11/01 11:41:40 [emerg] 1#1: "user" directive is not allowed here in /etc/nginx/conf.d/nginx.conf:1
2021/11/01 11:41:41 [emerg] 1#1: "user" directive is not allowed here in /etc/nginx/conf.d/nginx.conf:1
2021/11/01 11:41:44 [emerg] 1#1: "user" directive is not allowed here in /etc/nginx/conf.d/nginx.conf:1
2021/11/01 11:41:48 [emerg] 1#1: "user" directive is not allowed here in /etc/nginx/conf.d/nginx.conf:1
2021/11/01 11:41:55 [emerg] 1#1: "user" directive is not allowed here in /etc/nginx/conf.d/nginx.conf:1
2021/11/01 11:42:09 [emerg] 1#1: "user" directive is not allowed here in /etc/nginx/conf.d/nginx.conf:1
2021/11/01 11:42:35 [emerg] 1#1: "user" directive is not allowed here in /etc/nginx/conf.d/nginx.conf:1
2021/11/01 11:43:27 [emerg] 1#1: "user" directive is not allowed here in /etc/nginx/conf.d/nginx.conf:1
2021/11/01 11:44:28 [emerg] 1#1: "user" directive is not allowed here in /etc/nginx/conf.d/nginx.conf:1
2021/11/01 11:45:15 [emerg] 1#1: "user" directive is not allowed here in /etc/nginx/conf.d/nginx.conf:1
2021/11/01 11:45:17 [emerg] 1#1: "user" directive is not allowed here in /etc/nginx/conf.d/nginx.conf:1
2021/11/01 11:45:18 [emerg] 1#1: "user" directive is not allowed here in /etc/nginx/conf.d/nginx.conf:1
2021/11/01 11:45:20 [emerg] 1#1: "user" directive is not allowed here in /etc/nginx/conf.d/nginx.conf:1
2021/11/01 11:45:22 [emerg] 1#1: "user" directive is not allowed here in /etc/nginx/conf.d/nginx.conf:1
2021/11/01 11:45:24 [emerg] 1#1: "user" directive is not allowed here in /etc/nginx/conf.d/nginx.conf:1
2021/11/01 11:45:28 [emerg] 1#1: "user" directive is not allowed here in /etc/nginx/conf.d/nginx.conf:1
2021/11/01 11:45:36 [emerg] 1#1: "user" directive is not allowed here in /etc/nginx/conf.d/nginx.conf:1
2021/11/01 11:45:50 [emerg] 1#1: "user" directive is not allowed here in /etc/nginx/conf.d/nginx.conf:1
2021/11/01 11:46:16 [emerg] 1#1: "user" directive is not allowed here in /etc/nginx/conf.d/nginx.conf:1
2021/11/01 11:47:08 [emerg] 1#1: "user" directive is not allowed here in /etc/nginx/conf.d/nginx.conf:1
